#
# A fatal error has been detected by the Java Runtime Environment:
#
#  EXCEPTION_ACCESS_VIOLATION (0xc0000005) at pc=0x00007ffb372978b0, pid=8884, tid=0x000000000000250c
#
# JRE version: Java(TM) SE Runtime Environment (8.0_202-b08) (build 1.8.0_202-b08)
# Java VM: Java HotSpot(TM) 64-Bit Server VM (25.202-b08 mixed mode windows-amd64 compressed oops)
# Problematic frame:
# C  [glass.dll+0x278b0]
#
# Failed to write core dump. Minidumps are not enabled by default on client versions of Windows
#
# If you would like to submit a bug report, please visit:
#   http://bugreport.java.com/bugreport/crash.jsp
#

---------------  T H R E A D  ---------------

Current thread (0x000000001c087800):  VMThread [stack: 0x000000001d750000,0x000000001d850000] [id=9484]

siginfo: ExceptionCode=0xc0000005, reading address 0x0000000000000000

Registers:
RAX=0x0000000000000000, RBX=0x000000001e6b98a8, RCX=0x000000001c087800, RDX=0x00000000577524e8
RSP=0x000000001d84f1d0, RBP=0x0000000000854a78, RSI=0x0000000000854a50, RDI=0x00003e9047ae814c
R8 =0x0000000000010002, R9 =0x00003e9047ae814c, R10=0x0000000000008000, R11=0x000000001d84f170
R12=0x00007ffb372948dc, R13=0x00000000025d1658, R14=0x000000001d84f2d8, R15=0x0000000000854a50
RIP=0x00007ffb372978b0, EFLAGS=0x0000000000010202

Top of Stack: (sp=0x000000001d84f1d0)
0x000000001d84f1d0:   0000000000000000 00007ffb59e1f05b
0x000000001d84f1e0:   0000000000854a60 0000000000854a50
0x000000001d84f1f0:   fffffffffffffffe 00007ffb372948dc
0x000000001d84f200:   0000000000854a58 00007ffb59e242d6
0x000000001d84f210:   0000b516d2def521 0000000000000000
0x000000001d84f220:   0000000000854a78 0000000000854a50
0x000000001d84f230:   fffffffffffffffe 0000000000000000
0x000000001d84f240:   0000000000000001 00007ffb37270000
0x000000001d84f250:   000000001d84f2c8 00007ffb59e241fb
0x000000001d84f260:   0000000000000000 000000001d84f2d8
0x000000001d84f270:   000000001bf55400 00007ffb59f00e40
0x000000001d84f280:   0000000000000000 00007ffb59e241b4
0x000000001d84f290:   0000000000000000 0000000000000001
0x000000001d84f2a0:   00007ffb0000000d 000000001d84f2c8
0x000000001d84f2b0:   0000000000000006 00007ffb37294752
0x000000001d84f2c0:   00007ffb372af108 0000000000000002 

Instructions: (pc=0x00007ffb372978b0)
0x00007ffb37297890:   40 53 48 83 ec 30 48 c7 44 24 20 fe ff ff ff 48
0x00007ffb372978a0:   8b 1d 7a 72 01 00 48 85 db 74 16 e8 00 81 ff ff
0x00007ffb372978b0:   4c 8b 00 48 8b d3 48 8b c8 41 ff 90 b0 00 00 00
0x00007ffb372978c0:   90 48 83 c4 30 5b c3 cc cc cc cc cc cc cc cc cc 


Register to memory mapping:

RAX=0x0000000000000000 is an unknown value
RBX=0x000000001e6b98a8 is a global jni handle
RCX=0x000000001c087800 is an unknown value
RDX=0x00000000577524e8 is an unknown value
RSP=0x000000001d84f1d0 is an unknown value
RBP=0x0000000000854a78 is an unknown value
RSI=0x0000000000854a50 is an unknown value
RDI=0x00003e9047ae814c is an unknown value
R8 =0x0000000000010002 is an unknown value
R9 =0x00003e9047ae814c is an unknown value
R10=0x0000000000008000 is an unknown value
R11=0x000000001d84f170 is an unknown value
R12=0x00007ffb372948dc is an unknown value
R13=0x00000000025d1658 is an unknown value
R14=0x000000001d84f2d8 is an unknown value
R15=0x0000000000854a50 is an unknown value


Stack: [0x000000001d750000,0x000000001d850000],  sp=0x000000001d84f1d0,  free space=1020k
Native frames: (J=compiled Java code, j=interpreted, Vv=VM code, C=native code)
C  [glass.dll+0x278b0]
C  [ucrtbase.dll+0x142d6]
C  [ucrtbase.dll+0x141fb]
C  [ucrtbase.dll+0x141b4]
C  [glass.dll+0x24752]
C  [glass.dll+0x24850]
C  [ntdll.dll+0x19a1d]
C  [ntdll.dll+0x5dcec]
C  [ntdll.dll+0x5da7d]
C  [KERNEL32.DLL+0x1e82b]
C  [msvcr100.dll+0x20ccd]
V  [jvm.dll+0x214045]
V  [jvm.dll+0x24d5d7]
V  [jvm.dll+0x24c876]
V  [jvm.dll+0x24cd11]
V  [jvm.dll+0x24cf2e]
V  [jvm.dll+0x29fc6a]
C  [msvcr100.dll+0x21d9f]
C  [msvcr100.dll+0x21e3b]
C  [KERNEL32.DLL+0x17614]
C  [ntdll.dll+0x526a1]

VM_Operation (0x00000000200e8730): Exit, mode: safepoint, requested by thread 0x000000001e6c5000


---------------  P R O C E S S  ---------------

Java Threads: ( => current thread )
  0x000000001e1e1000 JavaThread "Abandoned connection cleanup thread" daemon [_thread_blocked, id=11484, stack(0x0000000029aa0000,0x0000000029ba0000)]
  0x000000001e9b5800 JavaThread "Prism Font Disposer" daemon [_thread_blocked, id=4752, stack(0x0000000028a20000,0x0000000028b20000)]
  0x000000001e74d000 JavaThread "Thread-3" daemon [_thread_in_native, id=4616, stack(0x0000000026370000,0x0000000026470000)]
  0x000000001e763800 JavaThread "JavaFX-Launcher" [_thread_blocked, id=2384, stack(0x0000000026470000,0x0000000026570000)]
  0x000000001e6c5000 JavaThread "JavaFX Application Thread" [_thread_blocked, id=5852, stack(0x000000001fff0000,0x00000000200f0000)]
  0x000000001e6b7000 JavaThread "Thread-1" daemon [_thread_blocked, id=6964, stack(0x000000001fef0000,0x000000001fff0000)]
  0x000000001e6ae800 JavaThread "QuantumRenderer-0" daemon [_thread_blocked, id=4932, stack(0x000000001f0d0000,0x000000001f1d0000)]
  0x000000001dfe6000 JavaThread "Service Thread" daemon [_thread_blocked, id=1920, stack(0x000000001e470000,0x000000001e570000)]
  0x000000001c0de000 JavaThread "C1 CompilerThread2" daemon [_thread_blocked, id=1828, stack(0x000000001e370000,0x000000001e470000)]
  0x000000001c0d1800 JavaThread "C2 CompilerThread1" daemon [_thread_blocked, id=8808, stack(0x000000001de70000,0x000000001df70000)]
  0x000000001c0ce000 JavaThread "C2 CompilerThread0" daemon [_thread_blocked, id=2768, stack(0x000000001dd70000,0x000000001de70000)]
  0x000000001c0ca800 JavaThread "Attach Listener" daemon [_thread_blocked, id=1572, stack(0x000000001dc70000,0x000000001dd70000)]
  0x00000000027db800 JavaThread "Finalizer" daemon [_thread_blocked, id=4308, stack(0x000000001d950000,0x000000001da50000)]
  0x000000001c0ac000 JavaThread "Reference Handler" daemon [_thread_blocked, id=9020, stack(0x000000001d850000,0x000000001d950000)]
  0x00000000025de800 JavaThread "main" [_thread_blocked, id=9280, stack(0x00000000025e0000,0x00000000026e0000)]

Other Threads:
=>0x000000001c087800 VMThread [stack: 0x000000001d750000,0x000000001d850000] [id=9484]

VM state:at safepoint (shutting down)

VM Mutex/Monitor currently owned by a thread:  ([mutex/lock_event])
[0x00000000025de100] Threads_lock - owner thread: 0x000000001c087800

heap address: 0x00000006c0e00000, size: 4082 MB, Compressed Oops mode: Zero based, Oop shift amount: 3
Narrow klass base: 0x0000000000000000, Narrow klass shift: 3
Compressed class space size: 1073741824 Address: 0x00000007c0000000

Heap:
 PSYoungGen      total 76288K, used 43750K [0x000000076af80000, 0x0000000770480000, 0x00000007c0000000)
  eden space 65536K, 66% used [0x000000076af80000,0x000000076da39830,0x000000076ef80000)
  from space 10752K, 0% used [0x000000076ef80000,0x000000076ef80000,0x000000076fa00000)
  to   space 10752K, 0% used [0x000000076fa00000,0x000000076fa00000,0x0000000770480000)
 ParOldGen       total 78336K, used 11449K [0x00000006c0e00000, 0x00000006c5a80000, 0x000000076af80000)
  object space 78336K, 14% used [0x00000006c0e00000,0x00000006c192e518,0x00000006c5a80000)
 Metaspace       used 25549K, capacity 26528K, committed 26752K, reserved 1073152K
  class space    used 3332K, capacity 3585K, committed 3712K, reserved 1048576K

Card table byte_map: [0x0000000011ba0000,0x00000000123a0000] byte_map_base: 0x000000000e599000

Marking Bits: (ParMarkBitMap*) 0x0000000057945ce0
 Begin Bits: [0x0000000012f00000, 0x0000000016ec8000)
 End Bits:   [0x0000000016ec8000, 0x000000001ae90000)

Polling page: 0x0000000002570000

CodeCache: size=245760Kb used=11124Kb max_used=11209Kb free=234635Kb
 bounds [0x00000000027e0000, 0x00000000032e0000, 0x00000000117e0000]
 total_blobs=4448 nmethods=3703 adapters=657
 compilation: enabled

Compilation events (10 events):
Event: 91.633 Thread 0x000000001c0de000 3743       3       jdk.internal.org.objectweb.asm.ByteVector::put11 (52 bytes)
Event: 91.634 Thread 0x000000001c0de000 nmethod 3743 0x00000000032d4490 code [0x00000000032d4600, 0x00000000032d4868]
Event: 91.728 Thread 0x000000001c0de000 3751       3       com.sun.prism.impl.ps.BaseShaderContext::validateTextureOp (15 bytes)
Event: 91.728 Thread 0x000000001c0de000 nmethod 3751 0x00000000032d49d0 code [0x00000000032d4b40, 0x00000000032d4e48]
Event: 91.728 Thread 0x000000001c0de000 3752       3       com.sun.prism.impl.ps.BaseShaderContext::validateTextureOp (196 bytes)
Event: 91.729 Thread 0x000000001c0de000 nmethod 3752 0x00000000032d4f10 code [0x00000000032d51a0, 0x00000000032d63b8]
Event: 92.212 Thread 0x000000001c0de000 3753       3       javafx.util.Duration::lessThan (18 bytes)
Event: 92.212 Thread 0x000000001c0de000 nmethod 3753 0x00000000032d6bd0 code [0x00000000032d6d20, 0x00000000032d6f10]
Event: 93.228 Thread 0x000000001c0d1800 3754       4       java.util.concurrent.atomic.AtomicBoolean::get (13 bytes)
Event: 93.229 Thread 0x000000001c0d1800 nmethod 3754 0x000000000329d650 code [0x000000000329d780, 0x000000000329d7f8]

GC Heap History (4 events):
Event: 23.808 GC heap before
{Heap before GC invocations=1 (full 0):
 PSYoungGen      total 76288K, used 58368K [0x000000076af80000, 0x0000000770480000, 0x00000007c0000000)
  eden space 65536K, 89% used [0x000000076af80000,0x000000076e880230,0x000000076ef80000)
  from space 10752K, 0% used [0x000000076fa00000,0x000000076fa00000,0x0000000770480000)
  to   space 10752K, 0% used [0x000000076ef80000,0x000000076ef80000,0x000000076fa00000)
 ParOldGen       total 175104K, used 0K [0x00000006c0e00000, 0x00000006cb900000, 0x000000076af80000)
  object space 175104K, 0% used [0x00000006c0e00000,0x00000006c0e00000,0x00000006cb900000)
 Metaspace       used 20350K, capacity 21116K, committed 21296K, reserved 1067008K
  class space    used 2740K, capacity 2927K, committed 2944K, reserved 1048576K
Event: 23.815 GC heap after
Heap after GC invocations=1 (full 0):
 PSYoungGen      total 76288K, used 10725K [0x000000076af80000, 0x0000000770480000, 0x00000007c0000000)
  eden space 65536K, 0% used [0x000000076af80000,0x000000076af80000,0x000000076ef80000)
  from space 10752K, 99% used [0x000000076ef80000,0x000000076f9f9620,0x000000076fa00000)
  to   space 10752K, 0% used [0x000000076fa00000,0x000000076fa00000,0x0000000770480000)
 ParOldGen       total 175104K, used 1118K [0x00000006c0e00000, 0x00000006cb900000, 0x000000076af80000)
  object space 175104K, 0% used [0x00000006c0e00000,0x00000006c0f17828,0x00000006cb900000)
 Metaspace       used 20350K, capacity 21116K, committed 21296K, reserved 1067008K
  class space    used 2740K, capacity 2927K, committed 2944K, reserved 1048576K
}
Event: 23.815 GC heap before
{Heap before GC invocations=2 (full 1):
 PSYoungGen      total 76288K, used 10725K [0x000000076af80000, 0x0000000770480000, 0x00000007c0000000)
  eden space 65536K, 0% used [0x000000076af80000,0x000000076af80000,0x000000076ef80000)
  from space 10752K, 99% used [0x000000076ef80000,0x000000076f9f9620,0x000000076fa00000)
  to   space 10752K, 0% used [0x000000076fa00000,0x000000076fa00000,0x0000000770480000)
 ParOldGen       total 175104K, used 1118K [0x00000006c0e00000, 0x00000006cb900000, 0x000000076af80000)
  object space 175104K, 0% used [0x00000006c0e00000,0x00000006c0f17828,0x00000006cb900000)
 Metaspace       used 20350K, capacity 21116K, committed 21296K, reserved 1067008K
  class space    used 2740K, capacity 2927K, committed 2944K, reserved 1048576K
Event: 23.837 GC heap after
Heap after GC invocations=2 (full 1):
 PSYoungGen      total 76288K, used 0K [0x000000076af80000, 0x0000000770480000, 0x00000007c0000000)
  eden space 65536K, 0% used [0x000000076af80000,0x000000076af80000,0x000000076ef80000)
  from space 10752K, 0% used [0x000000076ef80000,0x000000076ef80000,0x000000076fa00000)
  to   space 10752K, 0% used [0x000000076fa00000,0x000000076fa00000,0x0000000770480000)
 ParOldGen       total 78336K, used 11449K [0x00000006c0e00000, 0x00000006c5a80000, 0x000000076af80000)
  object space 78336K, 14% used [0x00000006c0e00000,0x00000006c192e518,0x00000006c5a80000)
 Metaspace       used 20350K, capacity 21116K, committed 21296K, reserved 1067008K
  class space    used 2740K, capacity 2927K, committed 2944K, reserved 1048576K
}

Deoptimization events (10 events):
Event: 71.550 Thread 0x000000001e6c5000 Uncommon trap: reason=class_check action=maybe_recompile pc=0x0000000002b9a508 method=java.io.DataInputStream.readChar()C @ 4
Event: 71.552 Thread 0x000000001e6c5000 Uncommon trap: reason=class_check action=maybe_recompile pc=0x0000000002b9a508 method=java.io.DataInputStream.readChar()C @ 4
Event: 71.708 Thread 0x000000001e6c5000 Uncommon trap: reason=unstable_if action=reinterpret pc=0x000000000315b16c method=java.util.Arrays.equals([B[B)Z @ 41
Event: 71.745 Thread 0x000000001e6c5000 Uncommon trap: reason=unstable_if action=reinterpret pc=0x0000000003037904 method=java.util.concurrent.locks.ReentrantLock$Sync.tryRelease(I)Z @ 28
Event: 72.921 Thread 0x000000001e6c5000 Uncommon trap: reason=unstable_if action=reinterpret pc=0x0000000002aa8304 method=sun.nio.cs.UTF_8$Decoder.decode([BII[C)I @ 30
Event: 86.923 Thread 0x000000001e6c5000 Uncommon trap: reason=array_check action=maybe_recompile pc=0x0000000003211158 method=com.sun.javafx.css.SimpleSelector.applies(Ljavafx/css/Styleable;[Ljava/util/Set;I)Z @ 37
Event: 86.923 Thread 0x000000001e6c5000 Uncommon trap: reason=array_check action=maybe_recompile pc=0x0000000003211158 method=com.sun.javafx.css.SimpleSelector.applies(Ljavafx/css/Styleable;[Ljava/util/Set;I)Z @ 37
Event: 86.924 Thread 0x000000001e6c5000 Uncommon trap: reason=array_check action=maybe_recompile pc=0x0000000003211158 method=com.sun.javafx.css.SimpleSelector.applies(Ljavafx/css/Styleable;[Ljava/util/Set;I)Z @ 37
Event: 86.924 Thread 0x000000001e6c5000 Uncommon trap: reason=array_check action=maybe_recompile pc=0x0000000003211158 method=com.sun.javafx.css.SimpleSelector.applies(Ljavafx/css/Styleable;[Ljava/util/Set;I)Z @ 37
Event: 93.218 Thread 0x000000001e6c5000 Uncommon trap: reason=class_check action=maybe_recompile pc=0x0000000003245788 method=com.sun.javafx.event.CompositeEventHandler.dispatchBubblingEvent(Ljavafx/event/Event;)V @ 51

Classes redefined (0 events):
No events

Internal exceptions (10 events):
Event: 2.330 Thread 0x000000001e6c5000 Implicit null exception at 0x0000000002add675 to 0x0000000002add895
Event: 2.332 Thread 0x000000001e6c5000 Implicit null exception at 0x0000000002a6586f to 0x0000000002a658d9
Event: 5.254 Thread 0x000000001e6c5000 Implicit null exception at 0x0000000002c98ead to 0x0000000002c98f79
Event: 23.555 Thread 0x000000001e6c5000 Implicit null exception at 0x0000000002aa3f56 to 0x0000000002aa42fd
Event: 23.628 Thread 0x000000001e6c5000 Implicit null exception at 0x0000000002d258bc to 0x0000000002d25949
Event: 23.745 Thread 0x000000001e6c5000 Implicit null exception at 0x00000000029eefd6 to 0x00000000029ef379
Event: 71.015 Thread 0x000000001e6c5000 Exception <a 'java/io/FileNotFoundException'> (0x000000076bd5a940) thrown at [C:\re\workspace\8-2-build-windows-amd64-cygwin\jdk8u202\12323\hotspot\src\share\vm\prims\jni.cpp, line 710]
Event: 71.044 Thread 0x000000001e6c5000 Exception <a 'java/io/FileNotFoundException'> (0x000000076be44e70) thrown at [C:\re\workspace\8-2-build-windows-amd64-cygwin\jdk8u202\12323\hotspot\src\share\vm\prims\jni.cpp, line 710]
Event: 71.044 Thread 0x000000001e6c5000 Exception <a 'java/io/FileNotFoundException'> (0x000000076be45d28) thrown at [C:\re\workspace\8-2-build-windows-amd64-cygwin\jdk8u202\12323\hotspot\src\share\vm\prims\jni.cpp, line 710]
Event: 93.230 Thread 0x000000001ec55800 Exception <a 'java/lang/IllegalStateException'> (0x000000076d9bcaa8) thrown at [C:\re\workspace\8-2-build-windows-amd64-cygwin\jdk8u202\12323\hotspot\src\share\vm\prims\jvm.cpp, line 1506]

Events (10 events):
Event: 93.229 loading class com/sun/javafx/tk/quantum/QuantumRenderer
Event: 93.229 loading class com/sun/javafx/tk/quantum/QuantumRenderer done
Event: 93.229 Thread 0x000000001ec53800 Thread exited: 0x000000001ec53800
Event: 93.230 loading class com/sun/javafx/tk/quantum/QuantumToolkit
Event: 93.230 loading class com/sun/javafx/tk/quantum/QuantumToolkit done
Event: 93.230 loading class com/sun/prism/ResourceFactoryListener
Event: 93.230 loading class com/sun/prism/ResourceFactoryListener done
Event: 93.230 Thread 0x000000001ec55800 Thread exited: 0x000000001ec55800
Event: 93.230 Thread 0x000000001c0c8800 Thread exited: 0x000000001c0c8800
Event: 93.230 Executing VM operation: Exit


Dynamic libraries:
0x00007ff620c50000 - 0x00007ff620c87000 	C:\Program Files\Java\jdk1.8.0_202\bin\java.exe
0x00007ffb5c730000 - 0x00007ffb5c928000 	C:\Windows\SYSTEM32\ntdll.dll
0x00007ffb5c620000 - 0x00007ffb5c6df000 	C:\Windows\System32\KERNEL32.DLL
0x00007ffb5a080000 - 0x00007ffb5a376000 	C:\Windows\System32\KERNELBASE.dll
0x00007ffb5b4c0000 - 0x00007ffb5b56f000 	C:\Windows\System32\ADVAPI32.dll
0x00007ffb5bdc0000 - 0x00007ffb5be5e000 	C:\Windows\System32\msvcrt.dll
0x00007ffb5c140000 - 0x00007ffb5c1dc000 	C:\Windows\System32\sechost.dll
0x00007ffb5be60000 - 0x00007ffb5bf86000 	C:\Windows\System32\RPCRT4.dll
0x00007ffb5bfa0000 - 0x00007ffb5c13d000 	C:\Windows\System32\USER32.dll
0x00007ffb59f10000 - 0x00007ffb59f32000 	C:\Windows\System32\win32u.dll
0x00007ffb5a8b0000 - 0x00007ffb5a8dc000 	C:\Windows\System32\GDI32.dll
0x00007ffb5a510000 - 0x00007ffb5a625000 	C:\Windows\System32\gdi32full.dll
0x00007ffb5a3d0000 - 0x00007ffb5a46d000 	C:\Windows\System32\msvcp_win.dll
0x00007ffb59e10000 - 0x00007ffb59f10000 	C:\Windows\System32\ucrtbase.dll
0x00007ffb43bc0000 - 0x00007ffb43e5a000 	C:\Windows\WinSxS\amd64_microsoft.windows.common-controls_6595b64144ccf1df_6.0.19041.1110_none_60b5254171f9507e\COMCTL32.dll
0x00007ffb5b570000 - 0x00007ffb5b5a0000 	C:\Windows\System32\IMM32.DLL
0x00000000579d0000 - 0x0000000057aa2000 	C:\Program Files\Java\jdk1.8.0_202\jre\bin\msvcr100.dll
0x0000000057120000 - 0x00000000579c5000 	C:\Program Files\Java\jdk1.8.0_202\jre\bin\server\jvm.dll
0x00007ffb5c6e0000 - 0x00007ffb5c6e8000 	C:\Windows\System32\PSAPI.DLL
0x00007ffb4f3e0000 - 0x00007ffb4f3e9000 	C:\Windows\SYSTEM32\WSOCK32.dll
0x00007ffb4e8c0000 - 0x00007ffb4e8e7000 	C:\Windows\SYSTEM32\WINMM.dll
0x00007ffb5b450000 - 0x00007ffb5b4bb000 	C:\Windows\System32\WS2_32.dll
0x00007ffb54970000 - 0x00007ffb5497a000 	C:\Windows\SYSTEM32\VERSION.dll
0x00007ffb3d250000 - 0x00007ffb3d25f000 	C:\Program Files\Java\jdk1.8.0_202\jre\bin\verify.dll
0x00007ffb3b060000 - 0x00007ffb3b089000 	C:\Program Files\Java\jdk1.8.0_202\jre\bin\java.dll
0x00007ffb390e0000 - 0x00007ffb390f6000 	C:\Program Files\Java\jdk1.8.0_202\jre\bin\zip.dll
0x00007ffb5ac40000 - 0x00007ffb5b384000 	C:\Windows\System32\SHELL32.dll
0x00007ffb57eb0000 - 0x00007ffb58643000 	C:\Windows\SYSTEM32\windows.storage.dll
0x00007ffb5a8e0000 - 0x00007ffb5ac34000 	C:\Windows\System32\combase.dll
0x00007ffb59720000 - 0x00007ffb5974e000 	C:\Windows\SYSTEM32\Wldp.dll
0x00007ffb5bc30000 - 0x00007ffb5bcdd000 	C:\Windows\System32\SHCORE.dll
0x00007ffb5c510000 - 0x00007ffb5c565000 	C:\Windows\System32\shlwapi.dll
0x00007ffb59d50000 - 0x00007ffb59d6f000 	C:\Windows\SYSTEM32\profapi.dll
0x00000000025b0000 - 0x00000000025b3000 	C:\Program Files\Java\jdk1.8.0_202\jre\bin\api-ms-win-core-console-l1-1-0.dll
0x00000000025c0000 - 0x00000000025c3000 	C:\Program Files\Java\jdk1.8.0_202\jre\bin\api-ms-win-core-datetime-l1-1-0.dll
0x000000001ee70000 - 0x000000001ee73000 	C:\Program Files\Java\jdk1.8.0_202\jre\bin\api-ms-win-core-debug-l1-1-0.dll
0x000000001ee80000 - 0x000000001ee83000 	C:\Program Files\Java\jdk1.8.0_202\jre\bin\api-ms-win-core-errorhandling-l1-1-0.dll
0x000000001ee90000 - 0x000000001ee94000 	C:\Program Files\Java\jdk1.8.0_202\jre\bin\api-ms-win-core-file-l1-1-0.dll
0x000000001eea0000 - 0x000000001eea3000 	C:\Program Files\Java\jdk1.8.0_202\jre\bin\api-ms-win-core-file-l1-2-0.dll
0x000000001eeb0000 - 0x000000001eeb3000 	C:\Program Files\Java\jdk1.8.0_202\jre\bin\api-ms-win-core-file-l2-1-0.dll
0x000000001eec0000 - 0x000000001eec3000 	C:\Program Files\Java\jdk1.8.0_202\jre\bin\api-ms-win-core-handle-l1-1-0.dll
0x000000001eed0000 - 0x000000001eed3000 	C:\Program Files\Java\jdk1.8.0_202\jre\bin\api-ms-win-core-heap-l1-1-0.dll
0x000000001eee0000 - 0x000000001eee3000 	C:\Program Files\Java\jdk1.8.0_202\jre\bin\api-ms-win-core-interlocked-l1-1-0.dll
0x000000001eef0000 - 0x000000001eef3000 	C:\Program Files\Java\jdk1.8.0_202\jre\bin\api-ms-win-core-libraryloader-l1-1-0.dll
0x000000001ef00000 - 0x000000001ef03000 	C:\Program Files\Java\jdk1.8.0_202\jre\bin\api-ms-win-core-localization-l1-2-0.dll
0x000000001ef10000 - 0x000000001ef13000 	C:\Program Files\Java\jdk1.8.0_202\jre\bin\api-ms-win-core-memory-l1-1-0.dll
0x000000001ef20000 - 0x000000001ef23000 	C:\Program Files\Java\jdk1.8.0_202\jre\bin\api-ms-win-core-namedpipe-l1-1-0.dll
0x000000001ef30000 - 0x000000001ef33000 	C:\Program Files\Java\jdk1.8.0_202\jre\bin\api-ms-win-core-processenvironment-l1-1-0.dll
0x000000001ef40000 - 0x000000001ef43000 	C:\Program Files\Java\jdk1.8.0_202\jre\bin\api-ms-win-core-processthreads-l1-1-0.dll
0x000000001ef50000 - 0x000000001ef53000 	C:\Program Files\Java\jdk1.8.0_202\jre\bin\api-ms-win-core-processthreads-l1-1-1.dll
0x000000001ef60000 - 0x000000001ef63000 	C:\Program Files\Java\jdk1.8.0_202\jre\bin\api-ms-win-core-profile-l1-1-0.dll
0x000000001ef70000 - 0x000000001ef73000 	C:\Program Files\Java\jdk1.8.0_202\jre\bin\api-ms-win-core-rtlsupport-l1-1-0.dll
0x000000001ef80000 - 0x000000001ef83000 	C:\Program Files\Java\jdk1.8.0_202\jre\bin\api-ms-win-core-string-l1-1-0.dll
0x000000001ef90000 - 0x000000001ef93000 	C:\Program Files\Java\jdk1.8.0_202\jre\bin\api-ms-win-core-synch-l1-1-0.dll
0x000000001efa0000 - 0x000000001efa3000 	C:\Program Files\Java\jdk1.8.0_202\jre\bin\api-ms-win-core-synch-l1-2-0.dll
0x000000001efb0000 - 0x000000001efb3000 	C:\Program Files\Java\jdk1.8.0_202\jre\bin\api-ms-win-core-sysinfo-l1-1-0.dll
0x000000001efc0000 - 0x000000001efc3000 	C:\Program Files\Java\jdk1.8.0_202\jre\bin\api-ms-win-core-timezone-l1-1-0.dll
0x000000001efd0000 - 0x000000001efd3000 	C:\Program Files\Java\jdk1.8.0_202\jre\bin\api-ms-win-core-util-l1-1-0.dll
0x000000001efe0000 - 0x000000001efe3000 	C:\Program Files\Java\jdk1.8.0_202\jre\bin\api-ms-win-crt-conio-l1-1-0.dll
0x000000001eff0000 - 0x000000001eff4000 	C:\Program Files\Java\jdk1.8.0_202\jre\bin\api-ms-win-crt-convert-l1-1-0.dll
0x000000001f000000 - 0x000000001f003000 	C:\Program Files\Java\jdk1.8.0_202\jre\bin\api-ms-win-crt-environment-l1-1-0.dll
0x000000001f010000 - 0x000000001f013000 	C:\Program Files\Java\jdk1.8.0_202\jre\bin\api-ms-win-crt-filesystem-l1-1-0.dll
0x000000001f020000 - 0x000000001f023000 	C:\Program Files\Java\jdk1.8.0_202\jre\bin\api-ms-win-crt-heap-l1-1-0.dll
0x000000001f030000 - 0x000000001f033000 	C:\Program Files\Java\jdk1.8.0_202\jre\bin\api-ms-win-crt-locale-l1-1-0.dll
0x000000001f040000 - 0x000000001f045000 	C:\Program Files\Java\jdk1.8.0_202\jre\bin\api-ms-win-crt-math-l1-1-0.dll
0x000000001f050000 - 0x000000001f055000 	C:\Program Files\Java\jdk1.8.0_202\jre\bin\api-ms-win-crt-multibyte-l1-1-0.dll
0x000000001f060000 - 0x000000001f070000 	C:\Program Files\Java\jdk1.8.0_202\jre\bin\api-ms-win-crt-private-l1-1-0.dll
0x000000001f070000 - 0x000000001f073000 	C:\Program Files\Java\jdk1.8.0_202\jre\bin\api-ms-win-crt-process-l1-1-0.dll
0x000000001f080000 - 0x000000001f084000 	C:\Program Files\Java\jdk1.8.0_202\jre\bin\api-ms-win-crt-runtime-l1-1-0.dll
0x000000001f090000 - 0x000000001f094000 	C:\Program Files\Java\jdk1.8.0_202\jre\bin\api-ms-win-crt-stdio-l1-1-0.dll
0x000000001f0a0000 - 0x000000001f0a4000 	C:\Program Files\Java\jdk1.8.0_202\jre\bin\api-ms-win-crt-string-l1-1-0.dll
0x000000001f0b0000 - 0x000000001f0b3000 	C:\Program Files\Java\jdk1.8.0_202\jre\bin\api-ms-win-crt-time-l1-1-0.dll
0x000000001f0c0000 - 0x000000001f0c3000 	C:\Program Files\Java\jdk1.8.0_202\jre\bin\api-ms-win-crt-utility-l1-1-0.dll
0x00007ffb238c0000 - 0x00007ffb239b6000 	C:\Program Files\Java\jdk1.8.0_202\jre\bin\ucrtbase.dll
0x00007ffb37f50000 - 0x00007ffb37f66000 	C:\Program Files\Java\jdk1.8.0_202\jre\bin\vcruntime140.dll
0x00007ffb2d7a0000 - 0x00007ffb2d83c000 	C:\Program Files\Java\jdk1.8.0_202\jre\bin\msvcp140.dll
0x00007ffb31a50000 - 0x00007ffb31aa1000 	C:\Program Files\Java\jdk1.8.0_202\jre\bin\concrt140.dll
0x00007ffb37d90000 - 0x00007ffb37db3000 	C:\Program Files\Java\jdk1.8.0_202\jre\bin\prism_d3d.dll
0x00007ffb4ff70000 - 0x00007ffb5013d000 	C:\Windows\system32\d3d9.dll
0x00007ffb57cb0000 - 0x00007ffb57cc2000 	C:\Windows\SYSTEM32\kernel.appcore.dll
0x00007ffb57ad0000 - 0x00007ffb57aff000 	C:\Windows\SYSTEM32\dwmapi.dll
0x00007ffb577e0000 - 0x00007ffb5787e000 	C:\Windows\system32\uxtheme.dll
0x00007ffb4a820000 - 0x00007ffb4a8de000 	C:\Windows\System32\DriverStore\FileRepository\nvmdig.inf_amd64_6d6835b9cb8bee82\nvldumdx.dll
0x00007ffb59a00000 - 0x00007ffb59a12000 	C:\Windows\SYSTEM32\msasn1.dll
0x00007ffb53cc0000 - 0x00007ffb53cf1000 	C:\Windows\SYSTEM32\cryptnet.dll
0x00007ffb5a630000 - 0x00007ffb5a78e000 	C:\Windows\System32\CRYPT32.dll
0x00007ffb53d30000 - 0x00007ffb53e78000 	C:\Windows\SYSTEM32\drvstore.dll
0x00007ffb59bc0000 - 0x00007ffb59bec000 	C:\Windows\SYSTEM32\devobj.dll
0x00007ffb5a380000 - 0x00007ffb5a3ce000 	C:\Windows\System32\cfgmgr32.dll
0x00007ffb59620000 - 0x00007ffb5962c000 	C:\Windows\SYSTEM32\cryptbase.dll
0x00007ffb5a4a0000 - 0x00007ffb5a507000 	C:\Windows\System32\WINTRUST.DLL
0x00007ffb5c4f0000 - 0x00007ffb5c50d000 	C:\Windows\System32\imagehlp.dll
0x00007ffb597f0000 - 0x00007ffb59808000 	C:\Windows\SYSTEM32\CRYPTSP.dll
0x00007ffb58dd0000 - 0x00007ffb58e04000 	C:\Windows\system32\rsaenh.dll
0x00007ffb5a470000 - 0x00007ffb5a497000 	C:\Windows\System32\bcrypt.dll
0x00007ffb59f40000 - 0x00007ffb59fc2000 	C:\Windows\System32\bcryptPrimitives.dll
0x00007ffb12590000 - 0x00007ffb14b99000 	C:\Windows\System32\DriverStore\FileRepository\nvmdig.inf_amd64_6d6835b9cb8bee82\nvd3dumx.dll
0x00007ffb37270000 - 0x00007ffb372b9000 	C:\Program Files\Java\jdk1.8.0_202\jre\bin\glass.dll
0x00007ffb5c410000 - 0x00007ffb5c4ea000 	C:\Windows\System32\COMDLG32.dll
0x00007ffb5ba10000 - 0x00007ffb5bb3a000 	C:\Windows\System32\ole32.dll
0x00007ffb5bce0000 - 0x00007ffb5bdad000 	C:\Windows\System32\OLEAUT32.dll
0x00007ffb5a790000 - 0x00007ffb5a8a4000 	C:\Windows\System32\MSCTF.dll
0x00007ffb58660000 - 0x00007ffb58683000 	C:\Windows\SYSTEM32\gpapi.dll
0x00007ffb4b120000 - 0x00007ffb4b15b000 	C:\Windows\SYSTEM32\dxcore.dll
0x00007ffb37c90000 - 0x00007ffb37ca4000 	C:\Program Files\Java\jdk1.8.0_202\jre\bin\javafx_font.dll
0x00007ffb3efb0000 - 0x00007ffb3f22f000 	C:\Windows\SYSTEM32\dwrite.dll
0x00007ffb5c570000 - 0x00007ffb5c619000 	C:\Windows\System32\clbcatq.dll
0x00007ffb53530000 - 0x00007ffb536e4000 	C:\Windows\SYSTEM32\WindowsCodecs.dll
0x00007ffb469f0000 - 0x00007ffb46a2e000 	C:\Windows\system32\dataexchange.dll
0x00007ffb56a80000 - 0x00007ffb56c63000 	C:\Windows\system32\dcomp.dll
0x00007ffb55f50000 - 0x00007ffb561b3000 	C:\Windows\system32\d3d11.dll
0x00007ffb58690000 - 0x00007ffb58783000 	C:\Windows\system32\dxgi.dll
0x00007ffb53980000 - 0x00007ffb53b80000 	C:\Windows\system32\twinapi.appcore.dll
0x00007ffb37610000 - 0x00007ffb37644000 	C:\Program Files\Common Files\Microsoft Shared\Ink\rtscom.dll
0x00007ffb4a4a0000 - 0x00007ffb4a59a000 	C:\Windows\SYSTEM32\textinputframework.dll
0x00007ffb573a0000 - 0x00007ffb57492000 	C:\Windows\System32\CoreMessaging.dll
0x00007ffb57040000 - 0x00007ffb5739e000 	C:\Windows\System32\CoreUIComponents.dll
0x00007ffb58ef0000 - 0x00007ffb58f23000 	C:\Windows\SYSTEM32\ntmarta.dll
0x00007ffb568d0000 - 0x00007ffb56a24000 	C:\Windows\SYSTEM32\wintypes.dll
0x00007ffb37b80000 - 0x00007ffb37b92000 	C:\Program Files\Java\jdk1.8.0_202\jre\bin\prism_common.dll
0x00007ffb39090000 - 0x00007ffb390aa000 	C:\Program Files\Java\jdk1.8.0_202\jre\bin\net.dll
0x00007ffb4d000000 - 0x00007ffb4d1ec000 	C:\Windows\SYSTEM32\urlmon.dll
0x00007ffb4b850000 - 0x00007ffb4bb01000 	C:\Windows\SYSTEM32\iertutil.dll
0x00007ffb4bba0000 - 0x00007ffb4bbc8000 	C:\Windows\SYSTEM32\srvcli.dll
0x00007ffb592b0000 - 0x00007ffb592bc000 	C:\Windows\SYSTEM32\netutils.dll
0x00007ffb59490000 - 0x00007ffb594fa000 	C:\Windows\system32\mswsock.dll
0x00007ffb591e0000 - 0x00007ffb592ab000 	C:\Windows\SYSTEM32\DNSAPI.dll
0x00007ffb591a0000 - 0x00007ffb591dc000 	C:\Windows\SYSTEM32\IPHLPAPI.DLL

VM Arguments:
jvm_args: -Dfile.encoding=UTF-8 
java_command: C:\Users\Developer\Documents\NetBeansProjects\ProjetoPOO\dist\run645455480\ProjetoPoo1.jar
java_class_path (initial): C:\Users\Developer\Documents\NetBeansProjects\ProjetoPOO\dist\run645455480\ProjetoPoo1.jar
Launcher Type: SUN_STANDARD

Environment Variables:
PATH=C:\Program Files (x86)\Common Files\Oracle\Java\javapath;C:\Program Files\Common Files\Oracle\Java\javapath;C:\Windows\system32;C:\Windows;C:\Windows\System32\Wbem;C:\Windows\System32\WindowsPowerShell\v1.0\;C:\Windows\System32\OpenSSH\;C:\Program Files\Git\cmd;C:\Program Files\nodejs\;C:\Program Files (x86)\NVIDIA Corporation\PhysX\Common;C:\Users\Developer\AppData\Local\Microsoft\WindowsApps;C:\Users\Developer\AppData\Local\Programs\Microsoft VS Code\bin;C:\Users\Developer\AppData\Local\GitHubDesktop\bin;C:\Users\Developer\AppData\Roaming\npm;C:\Program Files\heroku\bin
USERNAME=Diego
OS=Windows_NT
PROCESSOR_IDENTIFIER=Intel64 Family 6 Model 158 Stepping 10, GenuineIntel



---------------  S Y S T E M  ---------------

OS: Windows 10.0 , 64 bit Build 19041 (10.0.19041.2913)

CPU:total 6 (initial active 6) (6 cores per cpu, 1 threads per core) family 6 model 158 stepping 10, cmov, cx8, fxsr, mmx, sse, sse2, sse3, ssse3, sse4.1, sse4.2, popcnt, avx, avx2, aes, clmul, erms, 3dnowpref, lzcnt, tsc, tscinvbit, bmi1, bmi2, adx

Memory: 4k page, physical 16718088k(9798700k free), swap 33102088k(20921500k free)

vm_info: Java HotSpot(TM) 64-Bit Server VM (25.202-b08) for windows-amd64 JRE (1.8.0_202-b08), built on Dec 15 2018 19:54:30 by "java_re" with MS VC++ 10.0 (VS2010)

time: Sat Jun 10 14:28:32 2023
timezone: Hora oficial do Brasil
elapsed time: 93 seconds (0d 0h 1m 33s)

